Flow report for vga_kbd_txt
Tue Jan 21 05:47:07 2020
Quartus II 64-Bit Version 13.0.1 Build 232 06/12/2013 Service Pack 1 SJ Web Edition


---------------------
; Table of Contents ;
---------------------
  1. Legal Notice
  2. Flow Summary
  3. Flow Settings
  4. Flow Non-Default Global Settings
  5. Flow Elapsed Time
  6. Flow OS Summary
  7. Flow Log
  8. Flow Messages
  9. Flow Suppressed Messages



----------------
; Legal Notice ;
----------------
Copyright (C) 1991-2013 Altera Corporation
Your use of Altera Corporation's design tools, logic functions 
and other software and tools, and its AMPP partner logic 
functions, and any output files from any of the foregoing 
(including device programming or simulation files), and any 
associated documentation or information are expressly subject 
to the terms and conditions of the Altera Program License 
Subscription Agreement, Altera MegaCore Function License 
Agreement, or other applicable license agreement, including, 
without limitation, that your use is for the sole purpose of 
programming logic devices manufactured by Altera and sold by 
Altera or its authorized distributors.  Please refer to the 
applicable agreement for further details.



+--------------------------------------------------------------------------------------+
; Flow Summary                                                                         ;
+------------------------------------+-------------------------------------------------+
; Flow Status                        ; Successful - Tue Jan 21 05:47:04 2020           ;
; Quartus II 64-Bit Version          ; 13.0.1 Build 232 06/12/2013 SP 1 SJ Web Edition ;
; Revision Name                      ; vga_kbd_txt                                     ;
; Top-level Entity Name              ; vga_kbd_txt_top                                 ;
; Family                             ; Cyclone II                                      ;
; Device                             ; EP2C20F484C7                                    ;
; Timing Models                      ; Final                                           ;
; Total logic elements               ; 342 / 18,752 ( 2 % )                            ;
;     Total combinational functions  ; 289 / 18,752 ( 2 % )                            ;
;     Dedicated logic registers      ; 171 / 18,752 ( < 1 % )                          ;
; Total registers                    ; 171                                             ;
; Total pins                         ; 26 / 315 ( 8 % )                                ;
; Total virtual pins                 ; 0                                               ;
; Total memory bits                  ; 45,056 / 239,616 ( 19 % )                       ;
; Embedded Multiplier 9-bit elements ; 0 / 52 ( 0 % )                                  ;
; Total PLLs                         ; 0 / 4 ( 0 % )                                   ;
+------------------------------------+-------------------------------------------------+


+-----------------------------------------+
; Flow Settings                           ;
+-------------------+---------------------+
; Option            ; Setting             ;
+-------------------+---------------------+
; Start date & time ; 01/21/2020 05:46:45 ;
; Main task         ; Compilation         ;
; Revision Name     ; vga_kbd_txt         ;
+-------------------+---------------------+


+----------------------------------------------------------------------------------------------------------------------+
; Flow Non-Default Global Settings                                                                                     ;
+-------------------------------------+---------------------------------+---------------+-----------------+------------+
; Assignment Name                     ; Value                           ; Default Value ; Entity Name     ; Section Id ;
+-------------------------------------+---------------------------------+---------------+-----------------+------------+
; COMPILER_SIGNATURE_ID               ; 224655506514757.157958200513804 ; --            ; --              ; --         ;
; MAX_CORE_JUNCTION_TEMP              ; 85                              ; --            ; --              ; --         ;
; MIN_CORE_JUNCTION_TEMP              ; 0                               ; --            ; --              ; --         ;
; PARTITION_COLOR                     ; 16764057                        ; --            ; vga_kbd_txt_top ; Top        ;
; PARTITION_FITTER_PRESERVATION_LEVEL ; PLACEMENT_AND_ROUTING           ; --            ; vga_kbd_txt_top ; Top        ;
; PARTITION_NETLIST_TYPE              ; SOURCE                          ; --            ; vga_kbd_txt_top ; Top        ;
; PROJECT_OUTPUT_DIRECTORY            ; output_files                    ; --            ; --              ; --         ;
; TOP_LEVEL_ENTITY                    ; vga_kbd_txt_top                 ; vga_kbd_txt   ; --              ; --         ;
+-------------------------------------+---------------------------------+---------------+-----------------+------------+


+-------------------------------------------------------------------------------------------------------------------------------+
; Flow Elapsed Time                                                                                                             ;
+---------------------------+--------------+-------------------------+---------------------+------------------------------------+
; Module Name               ; Elapsed Time ; Average Processors Used ; Peak Virtual Memory ; Total CPU Time (on all processors) ;
+---------------------------+--------------+-------------------------+---------------------+------------------------------------+
; Analysis & Synthesis      ; 00:00:05     ; 1.0                     ; 4656 MB             ; 00:00:05                           ;
; Fitter                    ; 00:00:08     ; 1.0                     ; 4853 MB             ; 00:00:08                           ;
; Assembler                 ; 00:00:03     ; 1.0                     ; 4559 MB             ; 00:00:02                           ;
; TimeQuest Timing Analyzer ; 00:00:02     ; 1.0                     ; 4547 MB             ; 00:00:02                           ;
; Total                     ; 00:00:18     ; --                      ; --                  ; 00:00:17                           ;
+---------------------------+--------------+-------------------------+---------------------+------------------------------------+


+----------------------------------------------------------------------------------------+
; Flow OS Summary                                                                        ;
+---------------------------+------------------+-----------+------------+----------------+
; Module Name               ; Machine Hostname ; OS Name   ; OS Version ; Processor type ;
+---------------------------+------------------+-----------+------------+----------------+
; Analysis & Synthesis      ; DESKTOP-94ODMFF  ; Windows 7 ; 6.2        ; x86_64         ;
; Fitter                    ; DESKTOP-94ODMFF  ; Windows 7 ; 6.2        ; x86_64         ;
; Assembler                 ; DESKTOP-94ODMFF  ; Windows 7 ; 6.2        ; x86_64         ;
; TimeQuest Timing Analyzer ; DESKTOP-94ODMFF  ; Windows 7 ; 6.2        ; x86_64         ;
+---------------------------+------------------+-----------+------------+----------------+


------------
; Flow Log ;
------------
quartus_map --read_settings_files=on --write_settings_files=off vga_kbd_txt -c vga_kbd_txt
quartus_fit --read_settings_files=off --write_settings_files=off vga_kbd_txt -c vga_kbd_txt
quartus_asm --read_settings_files=off --write_settings_files=off vga_kbd_txt -c vga_kbd_txt
quartus_sta vga_kbd_txt -c vga_kbd_txt



